[35m@m7s/shared:build: [0mcache hit, replaying output [2ma993876f6106a4ad[0m
[35m@m7s/shared:build: [0m
[35m@m7s/shared:build: [0m> @m7s/shared@0.0.1 build /Users/godkun/Desktop/m7s/website/packages/shared
[35m@m7s/shared:build: [0m> tsup
[35m@m7s/shared:build: [0m
[35m@m7s/shared:build: [0mCLI Building entry: utils/index.ts, types/index.ts
[35m@m7s/shared:build: [0mCLI Using tsconfig: tsconfig.json
[35m@m7s/shared:build: [0mCLI tsup v5.12.4
[35m@m7s/shared:build: [0mCLI Using tsup config: /Users/godkun/Desktop/m7s/website/packages/shared/tsup.config.ts
[35m@m7s/shared:build: [0mCLI Target: node12
[35m@m7s/shared:build: [0mCLI Cleaning output folder
[35m@m7s/shared:build: [0mCJS Build start
[35m@m7s/shared:build: [0mCJS You have emitDecoratorMetadata enabled but @swc/core was not installed, skipping swc plugin
[35m@m7s/shared:build: [0mESM Build start
[35m@m7s/shared:build: [0mESM You have emitDecoratorMetadata enabled but @swc/core was not installed, skipping swc plugin
[35m@m7s/shared:build: [0mESM ⚡️ Build success in 22ms
[35m@m7s/shared:build: [0mCJS ⚡️ Build success in 27ms
[35m@m7s/shared:build: [0mESM dist/utils/index.mjs 58.00 B
[35m@m7s/shared:build: [0mESM dist/types/index.mjs 301.00 B
[35m@m7s/shared:build: [0mCJS dist/types/index.js 1.26 KB
[35m@m7s/shared:build: [0mCJS dist/utils/index.js 1.02 KB
[35m@m7s/shared:build: [0mDTS Build start
[35m@m7s/shared:build: [0mDTS ⚡️ Build success in 1700ms
[35m@m7s/shared:build: [0mDTS dist/utils/index.d.ts 49.00 B
[35m@m7s/shared:build: [0mDTS dist/types/index.d.ts 191.00 B
